<?xml version="1.0" encoding="UTF-8"?>
<!-- Generated by org.testng.reporters.JUnitReportReporter -->
<testsuite hostname="LAU08006946" failures="0" tests="5" name="BuggyCarsRatingTestcases" time="43.972" errors="0" timestamp="2022-08-03T22:09:27 NZST" skipped="0">
  <testcase classname="BuggyCarsRatingTestcases" name="launchValidateHomePage" time="6.774"/>
  <system-out/>
  <testcase classname="BuggyCarsRatingTestcases" name="userRegistration" time="8.122"/>
  <system-out/>
  <testcase classname="BuggyCarsRatingTestcases" name="userLogin" time="8.003"/>
  <system-out/>
  <testcase classname="BuggyCarsRatingTestcases" name="profileUpdate" time="9.889"/>
  <system-out/>
  <testcase classname="BuggyCarsRatingTestcases" name="navigationPagesAndVote" time="11.184"/>
  <system-out/>
</testsuite> <!-- BuggyCarsRatingTestcases -->
